WARNING: A restricted method in java.lang.System has been called
WARNING: java.lang.System::load has been called by org.fusesource.jansi.internal.JansiLoader in an unnamed module (file:/C:/apache-maven-3.9.9/lib/jansi-2.4.1.jar)
WARNING: Use --enable-native-access=ALL-UNNAMED to avoid a warning for callers in this module
WARNING: Restricted methods will be blocked in a future release unless native access is enabled

Apache Maven 3.9.9 (8e8579a9e76f7d015ee5ec7bfcdc97d260186937)
Maven home: C:\apache-maven-3.9.9
Java version: 24, vendor: Oracle Corporation, runtime: C:\Program Files\Java\jdk-24
Default locale: pt_PT, platform encoding: UTF-8
OS name: "windows 11", version: "10.0", arch: "amd64", family: "windows"
WARNING: A terminally deprecated method in sun.misc.Unsafe has been called
WARNING: sun.misc.Unsafe::objectFieldOffset has been called by com.google.common.util.concurrent.AbstractFuture$UnsafeAtomicHelper (file:/C:/apache-maven-3.9.9/lib/guava-33.2.1-jre.jar)
WARNING: Please consider reporting this to the maintainers of class com.google.common.util.concurrent.AbstractFuture$UnsafeAtomicHelper
WARNING: sun.misc.Unsafe::objectFieldOffset will be removed in a future release
[DEBUG] Created new class realm maven.api
[DEBUG] Importing foreign packages into class realm maven.api
[DEBUG]   Imported: javax.annotation.* < plexus.core
[DEBUG]   Imported: javax.annotation.security.* < plexus.core
[DEBUG]   Imported: javax.inject.* < plexus.core
[DEBUG]   Imported: org.apache.maven.* < plexus.core
[DEBUG]   Imported: org.apache.maven.artifact < plexus.core
[DEBUG]   Imported: org.apache.maven.classrealm < plexus.core
[DEBUG]   Imported: org.apache.maven.cli < plexus.core
[DEBUG]   Imported: org.apache.maven.configuration < plexus.core
[DEBUG]   Imported: org.apache.maven.exception < plexus.core
[DEBUG]   Imported: org.apache.maven.execution < plexus.core
[DEBUG]   Imported: org.apache.maven.execution.scope < plexus.core
[DEBUG]   Imported: org.apache.maven.graph < plexus.core
[DEBUG]   Imported: org.apache.maven.lifecycle < plexus.core
[DEBUG]   Imported: org.apache.maven.model < plexus.core
[DEBUG]   Imported: org.apache.maven.monitor < plexus.core
[DEBUG]   Imported: org.apache.maven.plugin < plexus.core
[DEBUG]   Imported: org.apache.maven.profiles < plexus.core
[DEBUG]   Imported: org.apache.maven.project < plexus.core
[DEBUG]   Imported: org.apache.maven.reporting < plexus.core
[DEBUG]   Imported: org.apache.maven.repository < plexus.core
[DEBUG]   Imported: org.apache.maven.rtinfo < plexus.core
[DEBUG]   Imported: org.apache.maven.settings < plexus.core
[DEBUG]   Imported: org.apache.maven.toolchain < plexus.core
[DEBUG]   Imported: org.apache.maven.usability < plexus.core
[DEBUG]   Imported: org.apache.maven.wagon.* < plexus.core
[DEBUG]   Imported: org.apache.maven.wagon.authentication < plexus.core
[DEBUG]   Imported: org.apache.maven.wagon.authorization < plexus.core
[DEBUG]   Imported: org.apache.maven.wagon.events < plexus.core
[DEBUG]   Imported: org.apache.maven.wagon.observers < plexus.core
[DEBUG]   Imported: org.apache.maven.wagon.proxy < plexus.core
[DEBUG]   Imported: org.apache.maven.wagon.repository < plexus.core
[DEBUG]   Imported: org.apache.maven.wagon.resource < plexus.core
[DEBUG]   Imported: org.codehaus.classworlds < plexus.core
[DEBUG]   Imported: org.codehaus.plexus.* < plexus.core
[DEBUG]   Imported: org.codehaus.plexus.classworlds < plexus.core
[DEBUG]   Imported: org.codehaus.plexus.component < plexus.core
[DEBUG]   Imported: org.codehaus.plexus.configuration < plexus.core
[DEBUG]   Imported: org.codehaus.plexus.container < plexus.core
[DEBUG]   Imported: org.codehaus.plexus.context < plexus.core
[DEBUG]   Imported: org.codehaus.plexus.lifecycle < plexus.core
[DEBUG]   Imported: org.codehaus.plexus.logging < plexus.core
[DEBUG]   Imported: org.codehaus.plexus.personality < plexus.core
[DEBUG]   Imported: org.codehaus.plexus.util.xml.Xpp3Dom < plexus.core
[DEBUG]   Imported: org.codehaus.plexus.util.xml.pull.XmlPullParser < plexus.core
[DEBUG]   Imported: org.codehaus.plexus.util.xml.pull.XmlPullParserException < plexus.core
[DEBUG]   Imported: org.codehaus.plexus.util.xml.pull.XmlSerializer < plexus.core
[DEBUG]   Imported: org.eclipse.aether.* < plexus.core
[DEBUG]   Imported: org.eclipse.aether.artifact < plexus.core
[DEBUG]   Imported: org.eclipse.aether.collection < plexus.core
[DEBUG]   Imported: org.eclipse.aether.deployment < plexus.core
[DEBUG]   Imported: org.eclipse.aether.graph < plexus.core
[DEBUG]   Imported: org.eclipse.aether.impl < plexus.core
[DEBUG]   Imported: org.eclipse.aether.installation < plexus.core
[DEBUG]   Imported: org.eclipse.aether.internal.impl < plexus.core
[DEBUG]   Imported: org.eclipse.aether.metadata < plexus.core
[DEBUG]   Imported: org.eclipse.aether.repository < plexus.core
[DEBUG]   Imported: org.eclipse.aether.resolution < plexus.core
[DEBUG]   Imported: org.eclipse.aether.spi < plexus.core
[DEBUG]   Imported: org.eclipse.aether.transfer < plexus.core
[DEBUG]   Imported: org.eclipse.aether.util < plexus.core
[DEBUG]   Imported: org.eclipse.aether.version < plexus.core
[DEBUG]   Imported: org.fusesource.jansi.* < plexus.core
[DEBUG]   Imported: org.slf4j.* < plexus.core
[DEBUG]   Imported: org.slf4j.event.* < plexus.core
[DEBUG]   Imported: org.slf4j.helpers.* < plexus.core
[DEBUG]   Imported: org.slf4j.spi.* < plexus.core
[DEBUG] Populating class realm maven.api
[DEBUG] Created adapter factory; available factories [file-lock, rwlock-local, semaphore-local, noop]; available name mappers [discriminating, file-gav, file-hgav, file-static, gav, static]
[INFO] Error stacktraces are turned on.
[DEBUG] Message scheme: color
[DEBUG] Message styles: debug info warning error success failure strong mojo project
[DEBUG] Reading global settings from C:\apache-maven-3.9.9\conf\settings.xml
[DEBUG] Reading user settings from C:\Users\Luis\.m2\settings.xml
[DEBUG] Reading global toolchains from C:\apache-maven-3.9.9\conf\toolchains.xml
[DEBUG] Reading user toolchains from C:\Users\Luis\.m2\toolchains.xml
[DEBUG] Using local repository at C:\Users\Luis\.m2\repository
[DEBUG] Using manager EnhancedLocalRepositoryManager with priority 10.0 for C:\Users\Luis\.m2\repository
[INFO] Scanning for projects...
[DEBUG] Extension realms for project com.luis.ciberloja:ciberloja:jar:1.0-SNAPSHOT: (none)
[DEBUG] Looking up lifecycle mappings for packaging jar from ClassRealm[plexus.core, parent: null]
[DEBUG] Creating adapter using nameMapper 'gav' and factory 'rwlock-local'
[DEBUG] === REACTOR BUILD PLAN ================================================
[DEBUG] Project: com.luis.ciberloja:ciberloja:jar:1.0-SNAPSHOT
[DEBUG] Tasks:   [clean, install]
[DEBUG] Style:   Regular
[DEBUG] =======================================================================
[INFO] 
[INFO] --------------------< com.luis.ciberloja:ciberloja >--------------------
[INFO] Building ciberloja 1.0-SNAPSHOT
[INFO]   from pom.xml
[INFO] --------------------------------[ jar ]---------------------------------
[DEBUG] Lifecycle clean -> [pre-clean, clean, post-clean]
[DEBUG] Lifecycle default -> [validate, initialize, generate-sources, process-sources, generate-resources, process-resources, compile, process-classes, generate-test-sources, process-test-sources, generate-test-resources, process-test-resources, test-compile, process-test-classes, test, prepare-package, package, pre-integration-test, integration-test, post-integration-test, verify, install, deploy]
[DEBUG] Lifecycle site -> [pre-site, site, post-site, site-deploy]
[DEBUG] Lifecycle clean -> [pre-clean, clean, post-clean]
[DEBUG] Lifecycle default -> [validate, initialize, generate-sources, process-sources, generate-resources, process-resources, compile, process-classes, generate-test-sources, process-test-sources, generate-test-resources, process-test-resources, test-compile, process-test-classes, test, prepare-package, package, pre-integration-test, integration-test, post-integration-test, verify, install, deploy]
[DEBUG] Lifecycle site -> [pre-site, site, post-site, site-deploy]
[WARNING] Parameter 'fork' is unknown for plugin 'jaxws-maven-plugin:4.0.1:wsimport (wsimport-website)'
[DEBUG] Lifecycle clean -> [pre-clean, clean, post-clean]
[DEBUG] Lifecycle default -> [validate, initialize, generate-sources, process-sources, generate-resources, process-resources, compile, process-classes, generate-test-sources, process-test-sources, generate-test-resources, process-test-resources, test-compile, process-test-classes, test, prepare-package, package, pre-integration-test, integration-test, post-integration-test, verify, install, deploy]
[DEBUG] Lifecycle site -> [pre-site, site, post-site, site-deploy]
[DEBUG] Lifecycle clean -> [pre-clean, clean, post-clean]
[DEBUG] Lifecycle default -> [validate, initialize, generate-sources, process-sources, generate-resources, process-resources, compile, process-classes, generate-test-sources, process-test-sources, generate-test-resources, process-test-resources, test-compile, process-test-classes, test, prepare-package, package, pre-integration-test, integration-test, post-integration-test, verify, install, deploy]
[DEBUG] Lifecycle site -> [pre-site, site, post-site, site-deploy]
[DEBUG] Lifecycle clean -> [pre-clean, clean, post-clean]
[DEBUG] Lifecycle default -> [validate, initialize, generate-sources, process-sources, generate-resources, process-resources, compile, process-classes, generate-test-sources, process-test-sources, generate-test-resources, process-test-resources, test-compile, process-test-classes, test, prepare-package, package, pre-integration-test, integration-test, post-integration-test, verify, install, deploy]
[DEBUG] Lifecycle site -> [pre-site, site, post-site, site-deploy]
[DEBUG] Lifecycle clean -> [pre-clean, clean, post-clean]
[DEBUG] Lifecycle default -> [validate, initialize, generate-sources, process-sources, generate-resources, process-resources, compile, process-classes, generate-test-sources, process-test-sources, generate-test-resources, process-test-resources, test-compile, process-test-classes, test, prepare-package, package, pre-integration-test, integration-test, post-integration-test, verify, install, deploy]
[DEBUG] Lifecycle site -> [pre-site, site, post-site, site-deploy]
[DEBUG] Lifecycle clean -> [pre-clean, clean, post-clean]
[DEBUG] Lifecycle default -> [validate, initialize, generate-sources, process-sources, generate-resources, process-resources, compile, process-classes, generate-test-sources, process-test-sources, generate-test-resources, process-test-resources, test-compile, process-test-classes, test, prepare-package, package, pre-integration-test, integration-test, post-integration-test, verify, install, deploy]
[DEBUG] Lifecycle site -> [pre-site, site, post-site, site-deploy]
[DEBUG] Lifecycle clean -> [pre-clean, clean, post-clean]
[DEBUG] Lifecycle default -> [validate, initialize, generate-sources, process-sources, generate-resources, process-resources, compile, process-classes, generate-test-sources, process-test-sources, generate-test-resources, process-test-resources, test-compile, process-test-classes, test, prepare-package, package, pre-integration-test, integration-test, post-integration-test, verify, install, deploy]
[DEBUG] Lifecycle site -> [pre-site, site, post-site, site-deploy]
[DEBUG] Lifecycle clean -> [pre-clean, clean, post-clean]
[DEBUG] Lifecycle default -> [validate, initialize, generate-sources, process-sources, generate-resources, process-resources, compile, process-classes, generate-test-sources, process-test-sources, generate-test-resources, process-test-resources, test-compile, process-test-classes, test, prepare-package, package, pre-integration-test, integration-test, post-integration-test, verify, install, deploy]
[DEBUG] Lifecycle site -> [pre-site, site, post-site, site-deploy]
[DEBUG] Lifecycle clean -> [pre-clean, clean, post-clean]
[DEBUG] Lifecycle default -> [validate, initialize, generate-sources, process-sources, generate-resources, process-resources, compile, process-classes, generate-test-sources, process-test-sources, generate-test-resources, process-test-resources, test-compile, process-test-classes, test, prepare-package, package, pre-integration-test, integration-test, post-integration-test, verify, install, deploy]
[DEBUG] Lifecycle site -> [pre-site, site, post-site, site-deploy]
[DEBUG] Lifecycle clean -> [pre-clean, clean, post-clean]
[DEBUG] Lifecycle default -> [validate, initialize, generate-sources, process-sources, generate-resources, process-resources, compile, process-classes, generate-test-sources, process-test-sources, generate-test-resources, process-test-resources, test-compile, process-test-classes, test, prepare-package, package, pre-integration-test, integration-test, post-integration-test, verify, install, deploy]
[DEBUG] Lifecycle site -> [pre-site, site, post-site, site-deploy]
[DEBUG] === PROJECT BUILD PLAN ================================================
[DEBUG] Project:       com.luis.ciberloja:ciberloja:1.0-SNAPSHOT
[DEBUG] Dependencies (collect): []
[DEBUG] Dependencies (resolve): [compile, runtime, test]
[DEBUG] Repositories (dependencies): [central (https://repo.maven.apache.org/maven2, default, releases)]
[DEBUG] Repositories (plugins)     : [central (https://repo.maven.apache.org/maven2, default, releases)]
[DEBUG] -----------------------------------------------------------------------
[DEBUG] Goal:          org.apache.maven.plugins:maven-clean-plugin:3.4.0:clean (default-clean)
[DEBUG] Style:         Regular
[DEBUG] Configuration: <?xml version="1.0" encoding="UTF-8"?>
<configuration>
  <directory default-value="${project.build.directory}"/>
  <excludeDefaultDirectories default-value="false">${maven.clean.excludeDefaultDirectories}</excludeDefaultDirectories>
  <failOnError default-value="true">${maven.clean.failOnError}</failOnError>
  <fast default-value="false">${maven.clean.fast}</fast>
  <fastDir>${maven.clean.fastDir}</fastDir>
  <fastMode default-value="background">${maven.clean.fastMode}</fastMode>
  <followSymLinks default-value="false">${maven.clean.followSymLinks}</followSymLinks>
  <outputDirectory default-value="${project.build.outputDirectory}"/>
  <reportDirectory default-value="${project.build.outputDirectory}"/>
  <retryOnError default-value="true">${maven.clean.retryOnError}</retryOnError>
  <session default-value="${session}"/>
  <skip default-value="false">${maven.clean.skip}</skip>
  <testOutputDirectory default-value="${project.build.testOutputDirectory}"/>
  <verbose>${maven.clean.verbose}</verbose>
</configuration>
[DEBUG] -----------------------------------------------------------------------
[DEBUG] Goal:          com.sun.xml.ws:jaxws-maven-plugin:4.0.1:wsimport (wsimport-website)
[DEBUG] Style:         Regular
[DEBUG] Configuration: <?xml version="1.0" encoding="UTF-8"?>
<configuration>
  <bindingDirectory default-value="${basedir}/src/jaxws"/>
  <destDir default-value="${project.build.outputDirectory}"/>
  <disableXmlSecurity default-value="false"/>
  <encoding>${project.build.sourceEncoding}</encoding>
  <extension default-value="false">true</extension>
  <genJWS default-value="false"/>
  <implDestDir default-value="${project.build.sourceDirectory}"/>
  <keep default-value="true">true</keep>
  <packageName>com.luis.ciberloja.soap</packageName>
  <pluginDescriptor default-value="${plugin}"/>
  <pluginRepos default-value="${project.remotePluginRepositories}"/>
  <project default-value="${project}"/>
  <projectRepos default-value="${project.remoteProjectRepositories}"/>
  <quiet default-value="false">false</quiet>
  <repoSession default-value="${repositorySystemSession}"/>
  <settings>${settings}</settings>
  <sourceDestDir default-value="${project.build.directory}/generated-sources/wsimport">C:\Users\Luis\eclipse-workspace\ciberloja\target/generated-sources/wsimport</sourceDestDir>
  <staleFile default-value="${project.build.directory}/jaxws/stale"/>
  <verbose default-value="false">true</verbose>
  <wsdlDirectory default-value="${basedir}/src/wsdl"/>
  <wsdlFiles>
    <wsdlFile>C:\Users\Luis\eclipse-workspace\ciberloja/src/main/resources/website.wsdl</wsdlFile>
  </wsdlFiles>
  <xadditionalHeaders default-value="false"/>
  <xdebug default-value="false"/>
  <xdisableAuthenticator default-value="false"/>
  <xdisableSSLHostnameVerification default-value="false"/>
  <xnoAddressingDataBinding default-value="false"/>
  <xnocompile default-value="true">true</xnocompile>
  <xuseBaseResourceAndURLToLoadWSDL default-value="false"/>
</configuration>
[DEBUG] -----------------------------------------------------------------------
[DEBUG] Goal:          org.codehaus.mojo:build-helper-maven-plugin:3.4.0:add-source (add-source)
[DEBUG] Style:         Regular
[DEBUG] Configuration: <?xml version="1.0" encoding="UTF-8"?>
<configuration>
  <project default-value="${project}"/>
  <sources>
    <source>C:\Users\Luis\eclipse-workspace\ciberloja\target/generated-sources/wsimport</source>${sources}</sources>
</configuration>
[DEBUG] -----------------------------------------------------------------------
[DEBUG] Goal:          org.apache.maven.plugins:maven-resources-plugin:3.3.1:resources (default-resources)
[DEBUG] Style:         Regular
[DEBUG] Configuration: <?xml version="1.0" encoding="UTF-8"?>
<configuration>
  <addDefaultExcludes default-value="true"/>
  <buildFilters default-value="${project.build.filters}"/>
  <encoding default-value="${project.build.sourceEncoding}"/>
  <escapeWindowsPaths default-value="true"/>
  <fileNameFiltering default-value="false"/>
  <includeEmptyDirs default-value="false"/>
  <outputDirectory default-value="${project.build.outputDirectory}"/>
  <overwrite default-value="false"/>
  <project default-value="${project}"/>
  <resources default-value="${project.resources}"/>
  <session default-value="${session}"/>
  <skip default-value="false">${maven.resources.skip}</skip>
  <supportMultiLineFiltering default-value="false"/>
  <useBuildFilters default-value="true"/>
  <useDefaultDelimiters default-value="true"/>
</configuration>
[DEBUG] -----------------------------------------------------------------------
[DEBUG] Goal:          org.apache.maven.plugins:maven-compiler-plugin:3.13.0:compile (default-compile)
[DEBUG] Style:         Regular
[DEBUG] Configuration: <?xml version="1.0" encoding="UTF-8"?>
<configuration>
  <annotationProcessorPathsUseDepMgmt default-value="false"/>
  <basedir default-value="${basedir}"/>
  <buildDirectory default-value="${project.build.directory}"/>
  <compilePath default-value="${project.compileClasspathElements}"/>
  <compileSourceRoots default-value="${project.compileSourceRoots}"/>
  <compilerId default-value="javac">${maven.compiler.compilerId}</compilerId>
  <compilerReuseStrategy default-value="${reuseCreated}">${maven.compiler.compilerReuseStrategy}</compilerReuseStrategy>
  <compilerVersion>${maven.compiler.compilerVersion}</compilerVersion>
  <createMissingPackageInfoClass default-value="true">${maven.compiler.createMissingPackageInfoClass}</createMissingPackageInfoClass>
  <debug default-value="true">${maven.compiler.debug}</debug>
  <debugFileName default-value="javac"/>
  <debuglevel>${maven.compiler.debuglevel}</debuglevel>
  <enablePreview default-value="false">${maven.compiler.enablePreview}</enablePreview>
  <encoding default-value="${project.build.sourceEncoding}">${encoding}</encoding>
  <executable>${maven.compiler.executable}</executable>
  <failOnError default-value="true">${maven.compiler.failOnError}</failOnError>
  <failOnWarning default-value="false">${maven.compiler.failOnWarning}</failOnWarning>
  <fileExtensions default-value="class,jar"/>
  <forceJavacCompilerUse default-value="false">${maven.compiler.forceJavacCompilerUse}</forceJavacCompilerUse>
  <forceLegacyJavacApi default-value="false">${maven.compiler.forceLegacyJavacApi}</forceLegacyJavacApi>
  <fork default-value="false">${maven.compiler.fork}</fork>
  <generatedSourcesDirectory default-value="${project.build.directory}/generated-sources/annotations"/>
  <implicit>${maven.compiler.implicit}</implicit>
  <maxmem>${maven.compiler.maxmem}</maxmem>
  <meminitial>${maven.compiler.meminitial}</meminitial>
  <mojoExecution default-value="${mojoExecution}"/>
  <optimize default-value="false">${maven.compiler.optimize}</optimize>
  <outputDirectory default-value="${project.build.outputDirectory}">${maven.compiler.outputDirectory}</outputDirectory>
  <outputTimestamp default-value="${project.build.outputTimestamp}"/>
  <parameters default-value="false">${maven.compiler.parameters}</parameters>
  <proc>${maven.compiler.proc}</proc>
  <project default-value="${project}"/>
  <projectArtifact default-value="${project.artifact}"/>
  <release>${maven.compiler.release}</release>
  <session default-value="${session}"/>
  <showCompilationChanges default-value="false">${maven.compiler.showCompilationChanges}</showCompilationChanges>
  <showDeprecation default-value="false">${maven.compiler.showDeprecation}</showDeprecation>
  <showWarnings default-value="true">${maven.compiler.showWarnings}</showWarnings>
  <skipMain>${maven.main.skip}</skipMain>
  <skipMultiThreadWarning default-value="false">${maven.compiler.skipMultiThreadWarning}</skipMultiThreadWarning>
  <source default-value="1.8">${maven.compiler.source}</source>
  <staleMillis default-value="0">${lastModGranularityMs}</staleMillis>
  <target default-value="1.8">${maven.compiler.target}</target>
  <useIncrementalCompilation default-value="true">${maven.compiler.useIncrementalCompilation}</useIncrementalCompilation>
  <verbose default-value="false">${maven.compiler.verbose}</verbose>
</configuration>
[DEBUG] -----------------------------------------------------------------------
[DEBUG] Goal:          org.apache.maven.plugins:maven-resources-plugin:3.3.1:testResources (default-testResources)
[DEBUG] Style:         Regular
[DEBUG] Configuration: <?xml version="1.0" encoding="UTF-8"?>
<configuration>
  <addDefaultExcludes default-value="true"/>
  <buildFilters default-value="${project.build.filters}"/>
  <encoding default-value="${project.build.sourceEncoding}"/>
  <escapeWindowsPaths default-value="true"/>
  <fileNameFiltering default-value="false"/>
  <includeEmptyDirs default-value="false"/>
  <outputDirectory default-value="${project.build.testOutputDirectory}"/>
  <overwrite default-value="false"/>
  <project default-value="${project}"/>
  <resources default-value="${project.testResources}"/>
  <session default-value="${session}"/>
  <skip default-value="false">${maven.test.skip}</skip>
  <supportMultiLineFiltering default-value="false"/>
  <useBuildFilters default-value="true"/>
  <useDefaultDelimiters default-value="true"/>
</configuration>
[DEBUG] -----------------------------------------------------------------------
[DEBUG] Goal:          org.apache.maven.plugins:maven-compiler-plugin:3.13.0:testCompile (default-testCompile)
[DEBUG] Style:         Regular
[DEBUG] Configuration: <?xml version="1.0" encoding="UTF-8"?>
<configuration>
  <annotationProcessorPathsUseDepMgmt default-value="false"/>
  <basedir default-value="${basedir}"/>
  <buildDirectory default-value="${project.build.directory}"/>
  <compileSourceRoots default-value="${project.testCompileSourceRoots}"/>
  <compilerId default-value="javac">${maven.compiler.compilerId}</compilerId>
  <compilerReuseStrategy default-value="${reuseCreated}">${maven.compiler.compilerReuseStrategy}</compilerReuseStrategy>
  <compilerVersion>${maven.compiler.compilerVersion}</compilerVersion>
  <createMissingPackageInfoClass default-value="true">${maven.compiler.createMissingPackageInfoClass}</createMissingPackageInfoClass>
  <debug default-value="true">${maven.compiler.debug}</debug>
  <debugFileName default-value="javac-test"/>
  <debuglevel>${maven.compiler.debuglevel}</debuglevel>
  <enablePreview default-value="false">${maven.compiler.enablePreview}</enablePreview>
  <encoding default-value="${project.build.sourceEncoding}">${encoding}</encoding>
  <executable>${maven.compiler.executable}</executable>
  <failOnError default-value="true">${maven.compiler.failOnError}</failOnError>
  <failOnWarning default-value="false">${maven.compiler.failOnWarning}</failOnWarning>
  <fileExtensions default-value="class,jar"/>
  <forceJavacCompilerUse default-value="false">${maven.compiler.forceJavacCompilerUse}</forceJavacCompilerUse>
  <forceLegacyJavacApi default-value="false">${maven.compiler.forceLegacyJavacApi}</forceLegacyJavacApi>
  <fork default-value="false">${maven.compiler.fork}</fork>
  <generatedTestSourcesDirectory default-value="${project.build.directory}/generated-test-sources/test-annotations"/>
  <implicit>${maven.compiler.implicit}</implicit>
  <maxmem>${maven.compiler.maxmem}</maxmem>
  <meminitial>${maven.compiler.meminitial}</meminitial>
  <mojoExecution default-value="${mojoExecution}"/>
  <optimize default-value="false">${maven.compiler.optimize}</optimize>
  <outputDirectory default-value="${project.build.testOutputDirectory}"/>
  <outputTimestamp default-value="${project.build.outputTimestamp}"/>
  <parameters default-value="false">${maven.compiler.parameters}</parameters>
  <proc>${maven.compiler.proc}</proc>
  <project default-value="${project}"/>
  <release>${maven.compiler.release}</release>
  <session default-value="${session}"/>
  <showCompilationChanges default-value="false">${maven.compiler.showCompilationChanges}</showCompilationChanges>
  <showDeprecation default-value="false">${maven.compiler.showDeprecation}</showDeprecation>
  <showWarnings default-value="true">${maven.compiler.showWarnings}</showWarnings>
  <skip>${maven.test.skip}</skip>
  <skipMultiThreadWarning default-value="false">${maven.compiler.skipMultiThreadWarning}</skipMultiThreadWarning>
  <source default-value="1.8">${maven.compiler.source}</source>
  <staleMillis default-value="0">${lastModGranularityMs}</staleMillis>
  <target default-value="1.8">${maven.compiler.target}</target>
  <testPath default-value="${project.testClasspathElements}"/>
  <testRelease>${maven.compiler.testRelease}</testRelease>
  <testSource>${maven.compiler.testSource}</testSource>
  <testTarget>${maven.compiler.testTarget}</testTarget>
  <useIncrementalCompilation default-value="true">${maven.compiler.useIncrementalCompilation}</useIncrementalCompilation>
  <useModulePath default-value="true"/>
  <verbose default-value="false">${maven.compiler.verbose}</verbose>
</configuration>
[DEBUG] -----------------------------------------------------------------------
[DEBUG] Goal:          org.apache.maven.plugins:maven-surefire-plugin:3.3.0:test (default-test)
[DEBUG] Style:         Regular
[DEBUG] Configuration: <?xml version="1.0" encoding="UTF-8"?>
<configuration>
  <additionalClasspathDependencies>${maven.test.additionalClasspathDependencies}</additionalClasspathDependencies>
  <additionalClasspathElements>${maven.test.additionalClasspath}</additionalClasspathElements>
  <argLine>${argLine}</argLine>
  <basedir default-value="${basedir}"/>
  <childDelegation default-value="false">${childDelegation}</childDelegation>
  <classesDirectory default-value="${project.build.outputDirectory}"/>
  <classpathDependencyExcludes>${maven.test.dependency.excludes}</classpathDependencyExcludes>
  <debugForkedProcess>${maven.surefire.debug}</debugForkedProcess>
  <dependenciesToScan>${dependenciesToScan}</dependenciesToScan>
  <disableXmlReport default-value="false">${disableXmlReport}</disableXmlReport>
  <enableAssertions default-value="true">${enableAssertions}</enableAssertions>
  <enableProcessChecker>${surefire.enableProcessChecker}</enableProcessChecker>
  <encoding default-value="${project.reporting.outputEncoding}">${surefire.encoding}</encoding>
  <excludeJUnit5Engines>${surefire.excludeJUnit5Engines}</excludeJUnit5Engines>
  <excludedEnvironmentVariables>${surefire.excludedEnvironmentVariables}</excludedEnvironmentVariables>
  <excludedGroups>${excludedGroups}</excludedGroups>
  <excludes>${surefire.excludes}</excludes>
  <excludesFile>${surefire.excludesFile}</excludesFile>
  <failIfNoSpecifiedTests default-value="true">${surefire.failIfNoSpecifiedTests}</failIfNoSpecifiedTests>
  <failIfNoTests default-value="false">${failIfNoTests}</failIfNoTests>
  <failOnFlakeCount default-value="0">${surefire.failOnFlakeCount}</failOnFlakeCount>
  <forkCount default-value="1">${forkCount}</forkCount>
  <forkNode>${surefire.forkNode}</forkNode>
  <forkedProcessExitTimeoutInSeconds default-value="30">${surefire.exitTimeout}</forkedProcessExitTimeoutInSeconds>
  <forkedProcessTimeoutInSeconds>${surefire.timeout}</forkedProcessTimeoutInSeconds>
  <groups>${groups}</groups>
  <includeJUnit5Engines>${surefire.includeJUnit5Engines}</includeJUnit5Engines>
  <includes>${surefire.includes}</includes>
  <includesFile>${surefire.includesFile}</includesFile>
  <junitArtifactName default-value="junit:junit">${junitArtifactName}</junitArtifactName>
  <jvm>${jvm}</jvm>
  <objectFactory>${objectFactory}</objectFactory>
  <parallel>${parallel}</parallel>
  <parallelMavenExecution default-value="${session.parallel}"/>
  <parallelOptimized default-value="true">${parallelOptimized}</parallelOptimized>
  <parallelTestsTimeoutForcedInSeconds>${surefire.parallel.forcedTimeout}</parallelTestsTimeoutForcedInSeconds>
  <parallelTestsTimeoutInSeconds>${surefire.parallel.timeout}</parallelTestsTimeoutInSeconds>
  <perCoreThreadCount default-value="true">${perCoreThreadCount}</perCoreThreadCount>
  <pluginArtifactMap>${plugin.artifactMap}</pluginArtifactMap>
  <pluginDescriptor default-value="${plugin}"/>
  <printSummary default-value="true">${surefire.printSummary}</printSummary>
  <project default-value="${project}"/>
  <projectArtifactMap>${project.artifactMap}</projectArtifactMap>
  <projectBuildDirectory default-value="${project.build.directory}"/>
  <redirectTestOutputToFile default-value="false">${maven.test.redirectTestOutputToFile}</redirectTestOutputToFile>
  <reportFormat default-value="brief">${surefire.reportFormat}</reportFormat>
  <reportNameSuffix default-value="">${surefire.reportNameSuffix}</reportNameSuffix>
  <reportsDirectory default-value="${project.build.directory}/surefire-reports"/>
  <rerunFailingTestsCount default-value="0">${surefire.rerunFailingTestsCount}</rerunFailingTestsCount>
  <reuseForks default-value="true">${reuseForks}</reuseForks>
  <runOrder default-value="filesystem">${surefire.runOrder}</runOrder>
  <runOrderRandomSeed>${surefire.runOrder.random.seed}</runOrderRandomSeed>
  <session default-value="${session}"/>
  <shutdown default-value="exit">${surefire.shutdown}</shutdown>
  <skip default-value="false">${maven.test.skip}</skip>
  <skipAfterFailureCount default-value="0">${surefire.skipAfterFailureCount}</skipAfterFailureCount>
  <skipExec>${maven.test.skip.exec}</skipExec>
  <skipTests default-value="false">${skipTests}</skipTests>
  <suiteXmlFiles>${surefire.suiteXmlFiles}</suiteXmlFiles>
  <systemPropertiesFile>${surefire.systemPropertiesFile}</systemPropertiesFile>
  <tempDir default-value="surefire">${tempDir}</tempDir>
  <test>${test}</test>
  <testClassesDirectory default-value="${project.build.testOutputDirectory}"/>
  <testFailureIgnore default-value="false">${maven.test.failure.ignore}</testFailureIgnore>
  <testNGArtifactName default-value="org.testng:testng">${testNGArtifactName}</testNGArtifactName>
  <testSourceDirectory default-value="${project.build.testSourceDirectory}"/>
  <threadCount>${threadCount}</threadCount>
  <threadCountClasses default-value="0">${threadCountClasses}</threadCountClasses>
  <threadCountMethods default-value="0">${threadCountMethods}</threadCountMethods>
  <threadCountSuites default-value="0">${threadCountSuites}</threadCountSuites>
  <trimStackTrace default-value="false">${trimStackTrace}</trimStackTrace>
  <useFile default-value="true">${surefire.useFile}</useFile>
  <useManifestOnlyJar default-value="true">${surefire.useManifestOnlyJar}</useManifestOnlyJar>
  <useModulePath default-value="true">${surefire.useModulePath}</useModulePath>
  <useSystemClassLoader default-value="true">${surefire.useSystemClassLoader}</useSystemClassLoader>
  <useUnlimitedThreads default-value="false">${useUnlimitedThreads}</useUnlimitedThreads>
  <workingDirectory>${basedir}</workingDirectory>
</configuration>
[DEBUG] -----------------------------------------------------------------------
[DEBUG] Goal:          org.apache.maven.plugins:maven-jar-plugin:3.4.2:jar (default-jar)
[DEBUG] Style:         Regular
[DEBUG] Configuration: <?xml version="1.0" encoding="UTF-8"?>
<configuration>
  <addDefaultExcludes default-value="true"/>
  <classesDirectory default-value="${project.build.outputDirectory}"/>
  <detectMultiReleaseJar default-value="true">${maven.jar.detectMultiReleaseJar}</detectMultiReleaseJar>
  <finalName default-value="${project.build.finalName}"/>
  <forceCreation default-value="false">${maven.jar.forceCreation}</forceCreation>
  <outputDirectory default-value="${project.build.directory}"/>
  <outputTimestamp default-value="${project.build.outputTimestamp}"/>
  <project default-value="${project}"/>
  <session default-value="${session}"/>
  <skipIfEmpty default-value="false"/>
  <useDefaultManifestFile default-value="false">${jar.useDefaultManifestFile}</useDefaultManifestFile>
</configuration>
[DEBUG] -----------------------------------------------------------------------
[DEBUG] Goal:          org.apache.maven.plugins:maven-install-plugin:3.1.2:install (default-install)
[DEBUG] Style:         Regular
[DEBUG] Configuration: <?xml version="1.0" encoding="UTF-8"?>
<configuration>
  <allowIncompleteProjects default-value="false">${allowIncompleteProjects}</allowIncompleteProjects>
  <installAtEnd default-value="false">${installAtEnd}</installAtEnd>
  <pluginDescriptor default-value="${plugin}"/>
  <project default-value="${project}"/>
  <session default-value="${session}"/>
  <skip default-value="false">${maven.install.skip}</skip>
</configuration>
[DEBUG] =======================================================================
[DEBUG] Dependency collection stats {ConflictMarker.analyzeTime=646200, ConflictMarker.markTime=106300, ConflictMarker.nodeCount=72, ConflictIdSorter.graphTime=411900, ConflictIdSorter.topsortTime=295400, ConflictIdSorter.conflictIdCount=40, ConflictIdSorter.conflictIdCycleCount=0, ConflictResolver.totalTime=4922200, ConflictResolver.conflictItemCount=69, DfDependencyCollector.collectTime=327140600, DfDependencyCollector.transformTime=7719500}
[WARNING] The artifact mysql:mysql-connector-java:jar:8.0.33 has been relocated to com.mysql:mysql-connector-j:jar:8.0.33: MySQL Connector/J artifacts moved to reverse-DNS compliant Maven 2+ coordinates.
[DEBUG] com.luis.ciberloja:ciberloja:jar:1.0-SNAPSHOT
[DEBUG]    org.junit.jupiter:junit-jupiter-api:jar:5.11.0:test
[DEBUG]       org.opentest4j:opentest4j:jar:1.3.0:test
[DEBUG]       org.junit.platform:junit-platform-commons:jar:1.11.0:test (version managed from 1.11.0)
[DEBUG]       org.apiguardian:apiguardian-api:jar:1.1.2:test
[DEBUG]    org.junit.jupiter:junit-jupiter-params:jar:5.11.0:test
[DEBUG]    org.apache.commons:commons-lang3:jar:3.17.0:compile
[DEBUG]    com.mchange:c3p0:jar:0.10.0:compile
[DEBUG]       com.mchange:mchange-commons-java:jar:0.3.0:compile
[DEBUG]    com.sun.mail:jakarta.mail:jar:2.0.1:compile
[DEBUG]    jakarta.activation:jakarta.activation-api:jar:2.1.2:compile
[DEBUG]    com.sun.activation:jakarta.activation:jar:2.0.1:compile
[DEBUG]    org.jasypt:jasypt:jar:1.9.3:compile
[DEBUG]    com.mysql:mysql-connector-j:jar:8.0.33:compile
[DEBUG]       com.google.protobuf:protobuf-java:jar:3.21.9:compile
[DEBUG]    org.apache.logging.log4j:log4j-api:jar:2.24.3:compile
[DEBUG]    org.apache.logging.log4j:log4j-core:jar:2.24.3:compile
[DEBUG]    com.sun.xml.ws:jaxws-rt:jar:4.0.1:compile
[DEBUG]       com.sun.xml.bind:jaxb-impl:jar:4.0.2:compile
[DEBUG]          com.sun.xml.bind:jaxb-core:jar:4.0.2:compile
[DEBUG]       org.glassfish.ha:ha-api:jar:3.1.13:compile
[DEBUG]       org.glassfish.external:management-api:jar:3.2.3:compile
[DEBUG]       org.glassfish.gmbal:gmbal-api-only:jar:4.0.3:compile
[DEBUG]       org.jvnet.staxex:stax-ex:jar:2.1.0:compile
[DEBUG]       com.sun.xml.stream.buffer:streambuffer:jar:2.1.0:compile
[DEBUG]       org.jvnet.mimepull:mimepull:jar:1.10.0:compile
[DEBUG]       com.sun.xml.fastinfoset:FastInfoset:jar:2.1.0:compile
[DEBUG]       jakarta.mail:jakarta.mail-api:jar:2.1.1:compile
[DEBUG]       org.eclipse.angus:angus-activation:jar:2.0.0:runtime
[DEBUG]       org.eclipse.angus:angus-mail:jar:2.0.1:runtime
[DEBUG]       com.sun.xml.messaging.saaj:saaj-impl:jar:3.0.0:runtime
[DEBUG]       com.fasterxml.woodstox:woodstox-core:jar:6.5.0:compile
[DEBUG]       org.codehaus.woodstox:stax2-api:jar:4.2.1:compile
[DEBUG]       jakarta.xml.ws:jakarta.xml.ws-api:jar:4.0.0:compile
[DEBUG]       jakarta.xml.bind:jakarta.xml.bind-api:jar:4.0.0:compile
[DEBUG]       jakarta.xml.soap:jakarta.xml.soap-api:jar:3.0.0:compile
[DEBUG]       jakarta.annotation:jakarta.annotation-api:jar:2.1.1:compile
[DEBUG]    com.fasterxml.jackson.dataformat:jackson-dataformat-xml:jar:2.17.2:compile
[DEBUG]       com.fasterxml.jackson.core:jackson-core:jar:2.17.2:compile
[DEBUG]       com.fasterxml.jackson.core:jackson-annotations:jar:2.17.2:compile
[DEBUG]       com.fasterxml.jackson.core:jackson-databind:jar:2.17.2:compile
[INFO] 
[INFO] --- clean:3.4.0:clean (default-clean) @ ciberloja ---
[DEBUG] Dependency collection stats {ConflictMarker.analyzeTime=14800, ConflictMarker.markTime=61200, ConflictMarker.nodeCount=2, ConflictIdSorter.graphTime=5500, ConflictIdSorter.topsortTime=8300, ConflictIdSorter.conflictIdCount=2, ConflictIdSorter.conflictIdCycleCount=0, ConflictResolver.totalTime=108300, ConflictResolver.conflictItemCount=2, DfDependencyCollector.collectTime=11863300, DfDependencyCollector.transformTime=211300}
[DEBUG] org.apache.maven.plugins:maven-clean-plugin:jar:3.4.0
[DEBUG]    org.codehaus.plexus:plexus-utils:jar:4.0.1:compile
[DEBUG] Created new class realm plugin>org.apache.maven.plugins:maven-clean-plugin:3.4.0
[DEBUG] Importing foreign packages into class realm plugin>org.apache.maven.plugins:maven-clean-plugin:3.4.0
[DEBUG]   Imported:  < maven.api
[DEBUG] Populating class realm plugin>org.apache.maven.plugins:maven-clean-plugin:3.4.0
[DEBUG]   Included: org.apache.maven.plugins:maven-clean-plugin:jar:3.4.0
[DEBUG]   Included: org.codehaus.plexus:plexus-utils:jar:4.0.1
[DEBUG] Loading mojo org.apache.maven.plugins:maven-clean-plugin:3.4.0:clean from plugin realm ClassRealm[plugin>org.apache.maven.plugins:maven-clean-plugin:3.4.0, parent: jdk.internal.loader.ClassLoaders$AppClassLoader@11a4022a]
[DEBUG] Configuring mojo execution 'org.apache.maven.plugins:maven-clean-plugin:3.4.0:clean:default-clean' with basic configurator -->
[DEBUG]   (f) directory = C:\Users\Luis\eclipse-workspace\ciberloja\target
[DEBUG]   (f) excludeDefaultDirectories = false
[DEBUG]   (f) failOnError = true
[DEBUG]   (f) fast = false
[DEBUG]   (f) fastMode = background
[DEBUG]   (f) followSymLinks = false
[DEBUG]   (f) outputDirectory = C:\Users\Luis\eclipse-workspace\ciberloja\target\classes
[DEBUG]   (f) reportDirectory = C:\Users\Luis\eclipse-workspace\ciberloja\target\classes
[DEBUG]   (f) retryOnError = true
[DEBUG]   (f) session = org.apache.maven.execution.MavenSession@20134094
[DEBUG]   (f) skip = false
[DEBUG]   (f) testOutputDirectory = C:\Users\Luis\eclipse-workspace\ciberloja\target\test-classes
[DEBUG] -- end configuration --
[INFO] Deleting C:\Users\Luis\eclipse-workspace\ciberloja\target
[INFO] Deleting directory C:\Users\Luis\eclipse-workspace\ciberloja\target\generated-sources\wsimport
[INFO] Deleting directory C:\Users\Luis\eclipse-workspace\ciberloja\target\generated-sources
[INFO] Deleting directory C:\Users\Luis\eclipse-workspace\ciberloja\target\classes
[INFO] Deleting directory C:\Users\Luis\eclipse-workspace\ciberloja\target
[DEBUG] Skipping non-existing directory C:\Users\Luis\eclipse-workspace\ciberloja\target\classes
[DEBUG] Skipping non-existing directory C:\Users\Luis\eclipse-workspace\ciberloja\target\test-classes
[DEBUG] Skipping non-existing directory C:\Users\Luis\eclipse-workspace\ciberloja\target\classes
[INFO] 
[INFO] --- jaxws:4.0.1:wsimport (wsimport-website) @ ciberloja ---
[DEBUG] Dependency collection stats {ConflictMarker.analyzeTime=119100, ConflictMarker.markTime=72100, ConflictMarker.nodeCount=57, ConflictIdSorter.graphTime=41100, ConflictIdSorter.topsortTime=18300, ConflictIdSorter.conflictIdCount=28, ConflictIdSorter.conflictIdCycleCount=0, ConflictResolver.totalTime=662700, ConflictResolver.conflictItemCount=56, DfDependencyCollector.collectTime=46729000, DfDependencyCollector.transformTime=931000}
[DEBUG] com.sun.xml.ws:jaxws-maven-plugin:jar:4.0.1
[DEBUG]    com.sun.xml.ws:jaxws-tools:jar:4.0.1:runtime
[DEBUG]       com.sun.xml.ws:jaxws-rt:jar:4.0.1:runtime
[DEBUG]          com.sun.xml.bind:jaxb-impl:jar:4.0.2:runtime
[DEBUG]          org.glassfish.ha:ha-api:jar:3.1.13:runtime
[DEBUG]          org.glassfish.external:management-api:jar:3.2.3:runtime
[DEBUG]          org.glassfish.gmbal:gmbal-api-only:jar:4.0.3:runtime
[DEBUG]          org.jvnet.staxex:stax-ex:jar:2.1.0:runtime
[DEBUG]          com.sun.xml.stream.buffer:streambuffer:jar:2.1.0:runtime
[DEBUG]          org.jvnet.mimepull:mimepull:jar:1.10.0:runtime
[DEBUG]          com.sun.xml.fastinfoset:FastInfoset:jar:2.1.0:runtime
[DEBUG]          jakarta.mail:jakarta.mail-api:jar:2.1.1:runtime
[DEBUG]          org.eclipse.angus:angus-activation:jar:2.0.0:runtime
[DEBUG]          org.eclipse.angus:angus-mail:jar:2.0.1:runtime
[DEBUG]          com.sun.xml.messaging.saaj:saaj-impl:jar:3.0.0:runtime
[DEBUG]          com.fasterxml.woodstox:woodstox-core:jar:6.5.0:runtime
[DEBUG]          org.codehaus.woodstox:stax2-api:jar:4.2.1:runtime
[DEBUG]       com.sun.xml.bind:jaxb-xjc:jar:4.0.2:runtime
[DEBUG]          com.sun.xml.bind:jaxb-core:jar:4.0.2:runtime
[DEBUG]       com.sun.xml.bind:jaxb-jxc:jar:4.0.2:runtime
[DEBUG]       jakarta.activation:jakarta.activation-api:jar:2.1.1:runtime
[DEBUG]       jakarta.xml.ws:jakarta.xml.ws-api:jar:4.0.0:runtime
[DEBUG]       jakarta.xml.bind:jakarta.xml.bind-api:jar:4.0.0:runtime
[DEBUG]       jakarta.xml.soap:jakarta.xml.soap-api:jar:3.0.0:runtime
[DEBUG]       jakarta.annotation:jakarta.annotation-api:jar:2.1.1:runtime
[DEBUG]    org.apache.maven.resolver:maven-resolver-api:jar:1.8.0:compile
[DEBUG]    org.apache.maven.resolver:maven-resolver-util:jar:1.8.0:compile
[DEBUG]    org.codehaus.plexus:plexus-utils:jar:3.4.1:compile
[DEBUG] Created new class realm plugin>com.sun.xml.ws:jaxws-maven-plugin:4.0.1
[DEBUG] Importing foreign packages into class realm plugin>com.sun.xml.ws:jaxws-maven-plugin:4.0.1
[DEBUG]   Imported:  < maven.api
[DEBUG] Populating class realm plugin>com.sun.xml.ws:jaxws-maven-plugin:4.0.1
[DEBUG]   Included: com.sun.xml.ws:jaxws-maven-plugin:jar:4.0.1
[DEBUG]   Included: com.sun.xml.ws:jaxws-tools:jar:4.0.1
[DEBUG]   Included: com.sun.xml.ws:jaxws-rt:jar:4.0.1
[DEBUG]   Included: com.sun.xml.bind:jaxb-impl:jar:4.0.2
[DEBUG]   Included: org.glassfish.ha:ha-api:jar:3.1.13
[DEBUG]   Included: org.glassfish.external:management-api:jar:3.2.3
[DEBUG]   Included: org.glassfish.gmbal:gmbal-api-only:jar:4.0.3
[DEBUG]   Included: org.jvnet.staxex:stax-ex:jar:2.1.0
[DEBUG]   Included: com.sun.xml.stream.buffer:streambuffer:jar:2.1.0
[DEBUG]   Included: org.jvnet.mimepull:mimepull:jar:1.10.0
[DEBUG]   Included: com.sun.xml.fastinfoset:FastInfoset:jar:2.1.0
[DEBUG]   Included: jakarta.mail:jakarta.mail-api:jar:2.1.1
[DEBUG]   Included: org.eclipse.angus:angus-activation:jar:2.0.0
[DEBUG]   Included: org.eclipse.angus:angus-mail:jar:2.0.1
[DEBUG]   Included: com.sun.xml.messaging.saaj:saaj-impl:jar:3.0.0
[DEBUG]   Included: com.fasterxml.woodstox:woodstox-core:jar:6.5.0
[DEBUG]   Included: org.codehaus.woodstox:stax2-api:jar:4.2.1
[DEBUG]   Included: com.sun.xml.bind:jaxb-xjc:jar:4.0.2
[DEBUG]   Included: com.sun.xml.bind:jaxb-core:jar:4.0.2
[DEBUG]   Included: com.sun.xml.bind:jaxb-jxc:jar:4.0.2
[DEBUG]   Included: jakarta.activation:jakarta.activation-api:jar:2.1.1
[DEBUG]   Included: jakarta.xml.ws:jakarta.xml.ws-api:jar:4.0.0
[DEBUG]   Included: jakarta.xml.bind:jakarta.xml.bind-api:jar:4.0.0
[DEBUG]   Included: jakarta.xml.soap:jakarta.xml.soap-api:jar:3.0.0
[DEBUG]   Included: jakarta.annotation:jakarta.annotation-api:jar:2.1.1
[DEBUG]   Included: org.codehaus.plexus:plexus-utils:jar:3.4.1
[DEBUG] Loading mojo com.sun.xml.ws:jaxws-maven-plugin:4.0.1:wsimport from plugin realm ClassRealm[plugin>com.sun.xml.ws:jaxws-maven-plugin:4.0.1, parent: jdk.internal.loader.ClassLoaders$AppClassLoader@11a4022a]
[DEBUG] Configuring mojo execution 'com.sun.xml.ws:jaxws-maven-plugin:4.0.1:wsimport:wsimport-website' with basic configurator -->
[DEBUG]   (f) bindingDirectory = C:\Users\Luis\eclipse-workspace\ciberloja\src\jaxws
[DEBUG]   (f) destDir = C:\Users\Luis\eclipse-workspace\ciberloja\target\classes
[DEBUG]   (f) disableXmlSecurity = false
[DEBUG]   (f) encoding = UTF-8
[DEBUG]   (f) extension = true
[DEBUG]   (f) genJWS = false
[DEBUG]   (f) implDestDir = C:\Users\Luis\eclipse-workspace\ciberloja\src\main\java
[DEBUG]   (f) keep = true
[DEBUG]   (f) packageName = com.luis.ciberloja.soap
[DEBUG]   (f) pluginDescriptor = Component Descriptor: role: 'org.apache.maven.plugin.Mojo', implementation: 'com.sun.xml.ws.jaxws_maven_plugin.HelpMojo', role hint: 'com.sun.xml.ws:jaxws-maven-plugin:4.0.1:help'
role: 'org.apache.maven.plugin.Mojo', implementation: 'org.jvnet.jax_ws_commons.jaxws.WsdlGenMojo', role hint: 'com.sun.xml.ws:jaxws-maven-plugin:4.0.1:wsdlgen'
role: 'org.apache.maven.plugin.Mojo', implementation: 'org.jvnet.jax_ws_commons.jaxws.MainWsGenMojo', role hint: 'com.sun.xml.ws:jaxws-maven-plugin:4.0.1:wsgen'
role: 'org.apache.maven.plugin.Mojo', implementation: 'org.jvnet.jax_ws_commons.jaxws.TestWsGenMojo', role hint: 'com.sun.xml.ws:jaxws-maven-plugin:4.0.1:wsgen-test'
role: 'org.apache.maven.plugin.Mojo', implementation: 'org.jvnet.jax_ws_commons.jaxws.MainWsImportMojo', role hint: 'com.sun.xml.ws:jaxws-maven-plugin:4.0.1:wsimport'
role: 'org.apache.maven.plugin.Mojo', implementation: 'org.jvnet.jax_ws_commons.jaxws.TestWsImportMojo', role hint: 'com.sun.xml.ws:jaxws-maven-plugin:4.0.1:wsimport-test'
---
[DEBUG]   (f) pluginRepos = [central (https://repo.maven.apache.org/maven2, default, releases)]
[DEBUG]   (f) project = MavenProject: com.luis.ciberloja:ciberloja:1.0-SNAPSHOT @ C:\Users\Luis\eclipse-workspace\ciberloja\pom.xml
[DEBUG]   (f) projectRepos = [central (https://repo.maven.apache.org/maven2, default, releases)]
[DEBUG]   (f) quiet = false
[DEBUG]   (f) repoSession = org.eclipse.aether.DefaultRepositorySystemSession@658255aa
[DEBUG]   (f) settings = org.apache.maven.execution.SettingsAdapter@25290bca
[DEBUG]   (f) sourceDestDir = C:\Users\Luis\eclipse-workspace\ciberloja\target\generated-sources\wsimport
[DEBUG]   (f) staleFile = C:\Users\Luis\eclipse-workspace\ciberloja\target\jaxws\stale
[DEBUG]   (f) verbose = true
[DEBUG]   (f) wsdlDirectory = C:\Users\Luis\eclipse-workspace\ciberloja\src\wsdl
[DEBUG]   (f) wsdlFiles = [C:\Users\Luis\eclipse-workspace\ciberloja/src/main/resources/website.wsdl]
[DEBUG]   (f) xadditionalHeaders = false
[DEBUG]   (f) xdebug = false
[DEBUG]   (f) xdisableAuthenticator = false
[DEBUG]   (f) xdisableSSLHostnameVerification = false
[DEBUG]   (f) xnoAddressingDataBinding = false
[DEBUG]   (f) xnocompile = true
[DEBUG]   (f) xuseBaseResourceAndURLToLoadWSDL = false
[DEBUG] -- end configuration --
[WARNING] cannot find file for mysql:mysql-connector-java
[DEBUG] The wsdl File is 'C:\Users\Luis\eclipse-workspace\ciberloja/src/main/resources/website.wsdl' from 'file:/C:/Users/Luis/eclipse-workspace/ciberloja/src/main/resources/website.wsdl'
[DEBUG] The binding Directory is C:\Users\Luis\eclipse-workspace\ciberloja\src\jaxws
[INFO] Processing: file:/C:/Users/Luis/eclipse-workspace/ciberloja/src/main/resources/website.wsdl
[DEBUG] adding src root: C:\Users\Luis\eclipse-workspace\ciberloja\target\generated-sources\wsimport
[DEBUG] The binding Directory is C:\Users\Luis\eclipse-workspace\ciberloja\src\jaxws
[DEBUG] jaxws:wsimport args: [-keep, -s, 'C:\Users\Luis\eclipse-workspace\ciberloja\target\generated-sources\wsimport', -d, 'C:\Users\Luis\eclipse-workspace\ciberloja\target\classes', -verbose, -encoding, UTF-8, -extension, -Xnocompile, -p, com.luis.ciberloja.soap]
[INFO] jaxws:wsimport args: [-keep, -s, 'C:\Users\Luis\eclipse-workspace\ciberloja\target\generated-sources\wsimport', -d, 'C:\Users\Luis\eclipse-workspace\ciberloja\target\classes', -verbose, -encoding, UTF-8, -extension, -Xnocompile, -p, com.luis.ciberloja.soap, "file:/C:/Users/Luis/eclipse-workspace/ciberloja/src/main/resources/website.wsdl"]
[DEBUG] Dependency collection stats {ConflictMarker.analyzeTime=119400, ConflictMarker.markTime=66600, ConflictMarker.nodeCount=51, ConflictIdSorter.graphTime=37200, ConflictIdSorter.topsortTime=17300, ConflictIdSorter.conflictIdCount=24, ConflictIdSorter.conflictIdCycleCount=0, ConflictResolver.totalTime=560400, ConflictResolver.conflictItemCount=51, DfDependencyCollector.collectTime=7264000, DfDependencyCollector.transformTime=836400}
[DEBUG] getCP sb: C:\Users\Luis\.m2\repository\org\jvnet\mimepull\mimepull\1.10.0\mimepull-1.10.0.jar;C:\Users\Luis\.m2\repository\com\fasterxml\woodstox\woodstox-core\6.5.0\woodstox-core-6.5.0.jar;C:\Users\Luis\.m2\repository\org\eclipse\angus\angus-mail\2.0.1\angus-mail-2.0.1.jar;C:\Users\Luis\.m2\repository\jakarta\activation\jakarta.activation-api\2.1.1\jakarta.activation-api-2.1.1.jar;C:\Users\Luis\.m2\repository\jakarta\xml\ws\jakarta.xml.ws-api\4.0.0\jakarta.xml.ws-api-4.0.0.jar;C:\Users\Luis\.m2\repository\com\sun\xml\bind\jaxb-xjc\4.0.2\jaxb-xjc-4.0.2.jar;C:\Users\Luis\.m2\repository\jakarta\annotation\jakarta.annotation-api\2.1.1\jakarta.annotation-api-2.1.1.jar;C:\Users\Luis\.m2\repository\org\eclipse\angus\angus-activation\2.0.0\angus-activation-2.0.0.jar;C:\Users\Luis\.m2\repository\org\glassfish\ha\ha-api\3.1.13\ha-api-3.1.13.jar;C:\Users\Luis\.m2\repository\org\glassfish\gmbal\gmbal-api-only\4.0.3\gmbal-api-only-4.0.3.jar;C:\Users\Luis\.m2\repository\com\sun\xml\messaging\saaj\saaj-impl\3.0.0\saaj-impl-3.0.0.jar;C:\Users\Luis\.m2\repository\org\codehaus\woodstox\stax2-api\4.2.1\stax2-api-4.2.1.jar;C:\Users\Luis\.m2\repository\com\sun\xml\ws\jaxws-tools\4.0.1\jaxws-tools-4.0.1.jar;C:\Users\Luis\.m2\repository\org\jvnet\staxex\stax-ex\2.1.0\stax-ex-2.1.0.jar;C:\Users\Luis\.m2\repository\com\sun\xml\bind\jaxb-jxc\4.0.2\jaxb-jxc-4.0.2.jar;C:\Users\Luis\.m2\repository\org\glassfish\external\management-api\3.2.3\management-api-3.2.3.jar;C:\Users\Luis\.m2\repository\jakarta\xml\soap\jakarta.xml.soap-api\3.0.0\jakarta.xml.soap-api-3.0.0.jar;C:\Users\Luis\.m2\repository\com\sun\xml\ws\jaxws-rt\4.0.1\jaxws-rt-4.0.1.jar;C:\Users\Luis\.m2\repository\com\sun\xml\fastinfoset\FastInfoset\2.1.0\FastInfoset-2.1.0.jar;C:\Users\Luis\.m2\repository\com\sun\xml\bind\jaxb-impl\4.0.2\jaxb-impl-4.0.2.jar;C:\Users\Luis\.m2\repository\jakarta\xml\bind\jakarta.xml.bind-api\4.0.0\jakarta.xml.bind-api-4.0.0.jar;C:\Users\Luis\.m2\repository\com\sun\xml\bind\jaxb-core\4.0.2\jaxb-core-4.0.2.jar;C:\Users\Luis\.m2\repository\com\sun\xml\stream\buffer\streambuffer\2.1.0\streambuffer-2.1.0.jar;C:\Users\Luis\.m2\repository\jakarta\mail\jakarta.mail-api\2.1.1\jakarta.mail-api-2.1.1.jar;/C:/Users/Luis/.m2/repository/com/sun/xml/ws/jaxws-maven-plugin/4.0.1/jaxws-maven-plugin-4.0.1.jar;
[DEBUG] getCP iv: /C:/Users/Luis/.m2/repository/com/sun/xml/ws/jaxws-maven-plugin/4.0.1/jaxws-maven-plugin-4.0.1.jar
[DEBUG] stored classpath: C:/Users/Luis/.m2/repository/org/jvnet/mimepull/mimepull/1.10.0/mimepull-1.10.0.jar;C:/Users/Luis/.m2/repository/com/fasterxml/woodstox/woodstox-core/6.5.0/woodstox-core-6.5.0.jar;C:/Users/Luis/.m2/repository/org/eclipse/angus/angus-mail/2.0.1/angus-mail-2.0.1.jar;C:/Users/Luis/.m2/repository/jakarta/activation/jakarta.activation-api/2.1.1/jakarta.activation-api-2.1.1.jar;C:/Users/Luis/.m2/repository/jakarta/xml/ws/jakarta.xml.ws-api/4.0.0/jakarta.xml.ws-api-4.0.0.jar;C:/Users/Luis/.m2/repository/com/sun/xml/bind/jaxb-xjc/4.0.2/jaxb-xjc-4.0.2.jar;C:/Users/Luis/.m2/repository/jakarta/annotation/jakarta.annotation-api/2.1.1/jakarta.annotation-api-2.1.1.jar;C:/Users/Luis/.m2/repository/org/eclipse/angus/angus-activation/2.0.0/angus-activation-2.0.0.jar;C:/Users/Luis/.m2/repository/org/glassfish/ha/ha-api/3.1.13/ha-api-3.1.13.jar;C:/Users/Luis/.m2/repository/org/glassfish/gmbal/gmbal-api-only/4.0.3/gmbal-api-only-4.0.3.jar;C:/Users/Luis/.m2/repository/com/sun/xml/messaging/saaj/saaj-impl/3.0.0/saaj-impl-3.0.0.jar;C:/Users/Luis/.m2/repository/org/codehaus/woodstox/stax2-api/4.2.1/stax2-api-4.2.1.jar;C:/Users/Luis/.m2/repository/com/sun/xml/ws/jaxws-tools/4.0.1/jaxws-tools-4.0.1.jar;C:/Users/Luis/.m2/repository/org/jvnet/staxex/stax-ex/2.1.0/stax-ex-2.1.0.jar;C:/Users/Luis/.m2/repository/com/sun/xml/bind/jaxb-jxc/4.0.2/jaxb-jxc-4.0.2.jar;C:/Users/Luis/.m2/repository/org/glassfish/external/management-api/3.2.3/management-api-3.2.3.jar;C:/Users/Luis/.m2/repository/jakarta/xml/soap/jakarta.xml.soap-api/3.0.0/jakarta.xml.soap-api-3.0.0.jar;C:/Users/Luis/.m2/repository/com/sun/xml/ws/jaxws-rt/4.0.1/jaxws-rt-4.0.1.jar;C:/Users/Luis/.m2/repository/com/sun/xml/fastinfoset/FastInfoset/2.1.0/FastInfoset-2.1.0.jar;C:/Users/Luis/.m2/repository/com/sun/xml/bind/jaxb-impl/4.0.2/jaxb-impl-4.0.2.jar;C:/Users/Luis/.m2/repository/jakarta/xml/bind/jakarta.xml.bind-api/4.0.0/jakarta.xml.bind-api-4.0.0.jar;C:/Users/Luis/.m2/repository/com/sun/xml/bind/jaxb-core/4.0.2/jaxb-core-4.0.2.jar;C:/Users/Luis/.m2/repository/com/sun/xml/stream/buffer/streambuffer/2.1.0/streambuffer-2.1.0.jar;C:/Users/Luis/.m2/repository/jakarta/mail/jakarta.mail-api/2.1.1/jakarta.mail-api-2.1.1.jar;/C:/Users/Luis/.m2/repository/com/sun/xml/ws/jaxws-maven-plugin/4.0.1/jaxws-maven-plugin-4.0.1.jar
[DEBUG] cmd.exe /X /C ""C:\Program Files\Java\jdk-24\bin\java.exe" -cp /C:/Users/Luis/.m2/repository/com/sun/xml/ws/jaxws-maven-plugin/4.0.1/jaxws-maven-plugin-4.0.1.jar org.jvnet.jax_ws_commons.jaxws.Invoker com.sun.tools.ws.wscompile.WsimportTool -pathfile C:\Users\Luis\AppData\Local\Temp\jax-ws-mvn-plugin-cp13762585100974605735.txt -keep -s C:\Users\Luis\eclipse-workspace\ciberloja\target\generated-sources\wsimport -d C:\Users\Luis\eclipse-workspace\ciberloja\target\classes -verbose -encoding UTF-8 -extension -Xnocompile -p com.luis.ciberloja.soap file:/C:/Users/Luis/eclipse-workspace/ciberloja/src/main/resources/website.wsdl"
parsing WSDL...
[ERROR] Property "Any" is already defined. Use &lt;jaxb:property> to resolve this conflict.
  line 20 of file:/C:/Users/Luis/eclipse-workspace/ciberloja/src/main/resources/website.wsdl

[ERROR] The following location is relevant to the above error
  line 21 of file:/C:/Users/Luis/eclipse-workspace/ciberloja/src/main/resources/website.wsdl

Exception in thread "main" java.lang.reflect.InvocationTargetException
	at java.base/jdk.internal.reflect.DirectMethodHandleAccessor.invoke(DirectMethodHandleAccessor.java:119)
	at java.base/java.lang.reflect.Method.invoke(Method.java:565)
	at org.jvnet.jax_ws_commons.jaxws.Invoker.main(Invoker.java:74)
Caused by: com.sun.tools.ws.wscompile.AbortException
	at com.sun.tools.ws.processor.modeler.wsdl.JAXBModelBuilder.bind(JAXBModelBuilder.java:114)
	at com.sun.tools.ws.processor.modeler.wsdl.WSDLModeler.buildJAXBModel(WSDLModeler.java:2265)
	at com.sun.tools.ws.processor.modeler.wsdl.WSDLModeler.internalBuildModel(WSDLModeler.java:164)
	at com.sun.tools.ws.processor.modeler.wsdl.WSDLModeler.buildModel(WSDLModeler.java:111)
	at com.sun.tools.ws.wscompile.WsimportTool.buildWsdlModel(WsimportTool.java:413)
	at com.sun.tools.ws.wscompile.WsimportTool.run(WsimportTool.java:180)
	at com.sun.tools.ws.wscompile.WsimportTool.run(WsimportTool.java:158)
	at java.base/jdk.internal.reflect.DirectMethodHandleAccessor.invoke(DirectMethodHandleAccessor.java:104)
	... 2 more
[INFO] ------------------------------------------------------------------------
[INFO] BUILD FAILURE
[INFO] ------------------------------------------------------------------------
[INFO] Total time:  1.748 s
[INFO] Finished at: 2025-05-06T14:59:19+01:00
[INFO] ------------------------------------------------------------------------
[ERROR] Failed to execute goal com.sun.xml.ws:jaxws-maven-plugin:4.0.1:wsimport (wsimport-website) on project ciberloja: Mojo failed - check output -> [Help 1]
org.apache.maven.lifecycle.LifecycleExecutionException: Failed to execute goal com.sun.xml.ws:jaxws-maven-plugin:4.0.1:wsimport (wsimport-website) on project ciberloja: Mojo failed - check output
    at org.apache.maven.lifecycle.internal.MojoExecutor.doExecute2 (MojoExecutor.java:333)
    at org.apache.maven.lifecycle.internal.MojoExecutor.doExecute (MojoExecutor.java:316)
    at org.apache.maven.lifecycle.internal.MojoExecutor.execute (MojoExecutor.java:212)
    at org.apache.maven.lifecycle.internal.MojoExecutor.execute (MojoExecutor.java:174)
    at org.apache.maven.lifecycle.internal.MojoExecutor.access$000 (MojoExecutor.java:75)
    at org.apache.maven.lifecycle.internal.MojoExecutor$1.run (MojoExecutor.java:162)
    at org.apache.maven.plugin.DefaultMojosExecutionStrategy.execute (DefaultMojosExecutionStrategy.java:39)
    at org.apache.maven.lifecycle.internal.MojoExecutor.execute (MojoExecutor.java:159)
    at org.apache.maven.lifecycle.internal.LifecycleModuleBuilder.buildProject (LifecycleModuleBuilder.java:105)
    at org.apache.maven.lifecycle.internal.LifecycleModuleBuilder.buildProject (LifecycleModuleBuilder.java:73)
    at org.apache.maven.lifecycle.internal.builder.singlethreaded.SingleThreadedBuilder.build (SingleThreadedBuilder.java:53)
    at org.apache.maven.lifecycle.internal.LifecycleStarter.execute (LifecycleStarter.java:118)
    at org.apache.maven.DefaultMaven.doExecute (DefaultMaven.java:261)
    at org.apache.maven.DefaultMaven.doExecute (DefaultMaven.java:173)
    at org.apache.maven.DefaultMaven.execute (DefaultMaven.java:101)
    at org.apache.maven.cli.MavenCli.execute (MavenCli.java:906)
    at org.apache.maven.cli.MavenCli.doMain (MavenCli.java:283)
    at org.apache.maven.cli.MavenCli.main (MavenCli.java:206)
    at jdk.internal.reflect.DirectMethodHandleAccessor.invoke (DirectMethodHandleAccessor.java:104)
    at java.lang.reflect.Method.invoke (Method.java:565)
    at org.codehaus.plexus.classworlds.launcher.Launcher.launchEnhanced (Launcher.java:255)
    at org.codehaus.plexus.classworlds.launcher.Launcher.launch (Launcher.java:201)
    at org.codehaus.plexus.classworlds.launcher.Launcher.mainWithExitCode (Launcher.java:361)
    at org.codehaus.plexus.classworlds.launcher.Launcher.main (Launcher.java:314)
Caused by: org.apache.maven.plugin.MojoExecutionException: Mojo failed - check output
    at org.jvnet.jax_ws_commons.jaxws.AbstractJaxwsMojo.exec (AbstractJaxwsMojo.java:376)
    at org.jvnet.jax_ws_commons.jaxws.WsImportMojo.processLocalWsdlFiles (WsImportMojo.java:296)
    at org.jvnet.jax_ws_commons.jaxws.WsImportMojo.execute (WsImportMojo.java:264)
    at org.jvnet.jax_ws_commons.jaxws.MainWsImportMojo.execute (MainWsImportMojo.java:31)
    at org.apache.maven.plugin.DefaultBuildPluginManager.executeMojo (DefaultBuildPluginManager.java:126)
    at org.apache.maven.lifecycle.internal.MojoExecutor.doExecute2 (MojoExecutor.java:328)
    at org.apache.maven.lifecycle.internal.MojoExecutor.doExecute (MojoExecutor.java:316)
    at org.apache.maven.lifecycle.internal.MojoExecutor.execute (MojoExecutor.java:212)
    at org.apache.maven.lifecycle.internal.MojoExecutor.execute (MojoExecutor.java:174)
    at org.apache.maven.lifecycle.internal.MojoExecutor.access$000 (MojoExecutor.java:75)
    at org.apache.maven.lifecycle.internal.MojoExecutor$1.run (MojoExecutor.java:162)
    at org.apache.maven.plugin.DefaultMojosExecutionStrategy.execute (DefaultMojosExecutionStrategy.java:39)
    at org.apache.maven.lifecycle.internal.MojoExecutor.execute (MojoExecutor.java:159)
    at org.apache.maven.lifecycle.internal.LifecycleModuleBuilder.buildProject (LifecycleModuleBuilder.java:105)
    at org.apache.maven.lifecycle.internal.LifecycleModuleBuilder.buildProject (LifecycleModuleBuilder.java:73)
    at org.apache.maven.lifecycle.internal.builder.singlethreaded.SingleThreadedBuilder.build (SingleThreadedBuilder.java:53)
    at org.apache.maven.lifecycle.internal.LifecycleStarter.execute (LifecycleStarter.java:118)
    at org.apache.maven.DefaultMaven.doExecute (DefaultMaven.java:261)
    at org.apache.maven.DefaultMaven.doExecute (DefaultMaven.java:173)
    at org.apache.maven.DefaultMaven.execute (DefaultMaven.java:101)
    at org.apache.maven.cli.MavenCli.execute (MavenCli.java:906)
    at org.apache.maven.cli.MavenCli.doMain (MavenCli.java:283)
    at org.apache.maven.cli.MavenCli.main (MavenCli.java:206)
    at jdk.internal.reflect.DirectMethodHandleAccessor.invoke (DirectMethodHandleAccessor.java:104)
    at java.lang.reflect.Method.invoke (Method.java:565)
    at org.codehaus.plexus.classworlds.launcher.Launcher.launchEnhanced (Launcher.java:255)
    at org.codehaus.plexus.classworlds.launcher.Launcher.launch (Launcher.java:201)
    at org.codehaus.plexus.classworlds.launcher.Launcher.mainWithExitCode (Launcher.java:361)
    at org.codehaus.plexus.classworlds.launcher.Launcher.main (Launcher.java:314)
[ERROR] 
[ERROR] 
[ERROR] For more information about the errors and possible solutions, please read the following articles:
[ERROR] [Help 1] http://cwiki.apache.org/confluence/display/MAVEN/MojoExecutionException
[DEBUG] Shutting down adapter factory; available factories [file-lock, rwlock-local, semaphore-local, noop]; available name mappers [discriminating, file-gav, file-hgav, file-static, gav, static]
[DEBUG] Shutting down 'file-lock' factory
[DEBUG] Shutting down 'rwlock-local' factory
[DEBUG] Shutting down 'semaphore-local' factory
[DEBUG] Shutting down 'noop' factory
